2022-03-25 00:05:18.073  INFO 18032 --- [restartedMain] c.t.TaskManagementApplication            : Starting TaskManagementApplication using Java 11 on SJ000134 with PID 18032 (C:\Users\ve00ym351\Documents\OJT\TaskManagement\target\classes started by VE00YM351 in C:\Users\ve00ym351\Documents\OJT\TaskManagement)
2022-03-25 00:05:18.082  INFO 18032 --- [restartedMain] c.t.TaskManagementApplication            : No active profile set, falling back to 1 default profile: "default"
2022-03-25 00:05:18.121  INFO 18032 --- [restartedMain] .e.DevToolsPropertyDefaultsPostProcessor : Devtools property defaults active! Set 'spring.devtools.add-properties' to 'false' to disable
2022-03-25 00:05:18.122  INFO 18032 --- [restartedMain] .e.DevToolsPropertyDefaultsPostProcessor : For additional web related logging consider setting the 'logging.level.web' property to 'DEBUG'
2022-03-25 00:05:18.770  INFO 18032 --- [restartedMain] .s.d.r.c.RepositoryConfigurationDelegate : Bootstrapping Spring Data JPA repositories in DEFAULT mode.
2022-03-25 00:05:18.829  INFO 18032 --- [restartedMain] .s.d.r.c.RepositoryConfigurationDelegate : Finished Spring Data repository scanning in 50 ms. Found 3 JPA repository interfaces.
2022-03-25 00:05:19.043  INFO 18032 --- [restartedMain] trationDelegate$BeanPostProcessorChecker : Bean 'org.springframework.ws.config.annotation.DelegatingWsConfiguration' of type [org.springframework.ws.config.annotation.DelegatingWsConfiguration$$EnhancerBySpringCGLIB$$b6d2ace2] is not eligible for getting processed by all BeanPostProcessors (for example: not eligible for auto-proxying)
2022-03-25 00:05:19.091  INFO 18032 --- [restartedMain] .w.s.a.s.AnnotationActionEndpointMapping : Supporting [WS-Addressing August 2004, WS-Addressing 1.0]
2022-03-25 00:05:19.356  INFO 18032 --- [restartedMain] o.s.b.w.embedded.tomcat.TomcatWebServer  : Tomcat initialized with port(s): 5000 (http)
2022-03-25 00:05:19.364  INFO 18032 --- [restartedMain] o.apache.catalina.core.StandardService   : Starting service [Tomcat]
2022-03-25 00:05:19.364  INFO 18032 --- [restartedMain] org.apache.catalina.core.StandardEngine  : Starting Servlet engine: [Apache Tomcat/9.0.58]
2022-03-25 00:05:19.574  INFO 18032 --- [restartedMain] org.apache.jasper.servlet.TldScanner     : At least one JAR was scanned for TLDs yet contained no TLDs. Enable debug logging for this logger for a complete list of JARs that were scanned but no TLDs were found in them. Skipping unneeded JARs during scanning can improve startup time and JSP compilation time.
2022-03-25 00:05:19.582  INFO 18032 --- [restartedMain] o.a.c.c.C.[Tomcat].[localhost].[/tms]    : Initializing Spring embedded WebApplicationContext
2022-03-25 00:05:19.582  INFO 18032 --- [restartedMain] w.s.c.ServletWebServerApplicationContext : Root WebApplicationContext: initialization completed in 1459 ms
2022-03-25 00:05:19.937  INFO 18032 --- [restartedMain] com.zaxxer.hikari.HikariDataSource       : HikariPool-1 - Starting...
2022-03-25 00:05:21.051  INFO 18032 --- [restartedMain] com.zaxxer.hikari.HikariDataSource       : HikariPool-1 - Start completed.
2022-03-25 00:05:21.760  INFO 18032 --- [restartedMain] j.LocalContainerEntityManagerFactoryBean : Initialized JPA EntityManagerFactory for persistence unit 'default'
2022-03-25 00:05:22.057  WARN 18032 --- [restartedMain] JpaBaseConfiguration$JpaWebConfiguration : spring.jpa.open-in-view is enabled by default. Therefore, database queries may be performed during view rendering. Explicitly configure spring.jpa.open-in-view to disable this warning
2022-03-25 00:05:22.366  INFO 18032 --- [restartedMain] o.s.s.web.DefaultSecurityFilterChain     : Will not secure any request
2022-03-25 00:05:22.607  INFO 18032 --- [restartedMain] o.s.b.d.a.OptionalLiveReloadServer       : LiveReload server is running on port 35729
2022-03-25 00:05:22.655  INFO 18032 --- [restartedMain] o.s.b.w.embedded.tomcat.TomcatWebServer  : Tomcat started on port(s): 5000 (http) with context path '/tms'
2022-03-25 00:05:22.665  INFO 18032 --- [restartedMain] c.t.TaskManagementApplication            : Started TaskManagementApplication in 4.905 seconds (JVM running for 7.886)
2022-03-25 00:05:25.934  INFO 18032 --- [http-nio-5000-exec-1] o.a.c.c.C.[Tomcat].[localhost].[/tms]    : Initializing Spring DispatcherServlet 'dispatcherServlet'
2022-03-25 00:05:25.934  INFO 18032 --- [http-nio-5000-exec-1] o.s.web.servlet.DispatcherServlet        : Initializing Servlet 'dispatcherServlet'
2022-03-25 00:05:25.935  INFO 18032 --- [http-nio-5000-exec-1] o.s.web.servlet.DispatcherServlet        : Completed initialization in 1 ms
2022-03-25 00:05:26.275  WARN 18032 --- [http-nio-5000-exec-1] o.a.c.util.SessionIdGeneratorBase        : Creation of SecureRandom instance for session ID generation using [SHA1PRNG] took [313] milliseconds.
2022-03-25 00:05:26.297  INFO 18032 --- [http-nio-5000-exec-2] c.t.web.service.TaskServiceImpl          : Get Login Page request recieved
2022-03-25 00:05:32.021  WARN 18032 --- [http-nio-5000-exec-4] .w.s.m.s.DefaultHandlerExceptionResolver : Resolved [org.springframework.web.HttpRequestMethodNotSupportedException: Request method 'POST' not supported]
2022-03-25 00:06:54.260  INFO 18032 --- [Thread-5] j.LocalContainerEntityManagerFactoryBean : Closing JPA EntityManagerFactory for persistence unit 'default'
2022-03-25 00:06:54.263  INFO 18032 --- [Thread-5] com.zaxxer.hikari.HikariDataSource       : HikariPool-1 - Shutdown initiated...
2022-03-25 00:06:54.267  INFO 18032 --- [Thread-5] com.zaxxer.hikari.HikariDataSource       : HikariPool-1 - Shutdown completed.
2022-03-25 00:06:54.334  INFO 18032 --- [restartedMain] c.t.TaskManagementApplication            : Starting TaskManagementApplication using Java 11 on SJ000134 with PID 18032 (C:\Users\ve00ym351\Documents\OJT\TaskManagement\target\classes started by VE00YM351 in C:\Users\ve00ym351\Documents\OJT\TaskManagement)
2022-03-25 00:06:54.336  INFO 18032 --- [restartedMain] c.t.TaskManagementApplication            : No active profile set, falling back to 1 default profile: "default"
2022-03-25 00:06:54.468  INFO 18032 --- [restartedMain] .s.d.r.c.RepositoryConfigurationDelegate : Bootstrapping Spring Data JPA repositories in DEFAULT mode.
2022-03-25 00:06:54.489  INFO 18032 --- [restartedMain] .s.d.r.c.RepositoryConfigurationDelegate : Finished Spring Data repository scanning in 19 ms. Found 3 JPA repository interfaces.
2022-03-25 00:06:54.523  INFO 18032 --- [restartedMain] trationDelegate$BeanPostProcessorChecker : Bean 'org.springframework.ws.config.annotation.DelegatingWsConfiguration' of type [org.springframework.ws.config.annotation.DelegatingWsConfiguration$$EnhancerBySpringCGLIB$$b6d2ace2] is not eligible for getting processed by all BeanPostProcessors (for example: not eligible for auto-proxying)
2022-03-25 00:06:54.525  INFO 18032 --- [restartedMain] .w.s.a.s.AnnotationActionEndpointMapping : Supporting [WS-Addressing August 2004, WS-Addressing 1.0]
2022-03-25 00:06:54.557  INFO 18032 --- [restartedMain] o.s.b.w.embedded.tomcat.TomcatWebServer  : Tomcat initialized with port(s): 5000 (http)
2022-03-25 00:06:54.558  INFO 18032 --- [restartedMain] o.apache.catalina.core.StandardService   : Starting service [Tomcat]
2022-03-25 00:06:54.558  INFO 18032 --- [restartedMain] org.apache.catalina.core.StandardEngine  : Starting Servlet engine: [Apache Tomcat/9.0.58]
2022-03-25 00:06:54.621  INFO 18032 --- [restartedMain] org.apache.jasper.servlet.TldScanner     : At least one JAR was scanned for TLDs yet contained no TLDs. Enable debug logging for this logger for a complete list of JARs that were scanned but no TLDs were found in them. Skipping unneeded JARs during scanning can improve startup time and JSP compilation time.
2022-03-25 00:06:54.622  INFO 18032 --- [restartedMain] o.a.c.c.C.[Tomcat].[localhost].[/tms]    : Initializing Spring embedded WebApplicationContext
2022-03-25 00:06:54.623  INFO 18032 --- [restartedMain] w.s.c.ServletWebServerApplicationContext : Root WebApplicationContext: initialization completed in 286 ms
2022-03-25 00:06:54.661  INFO 18032 --- [restartedMain] com.zaxxer.hikari.HikariDataSource       : HikariPool-2 - Starting...
2022-03-25 00:06:54.766  INFO 18032 --- [restartedMain] com.zaxxer.hikari.HikariDataSource       : HikariPool-2 - Start completed.
2022-03-25 00:06:54.856  INFO 18032 --- [restartedMain] j.LocalContainerEntityManagerFactoryBean : Initialized JPA EntityManagerFactory for persistence unit 'default'
2022-03-25 00:06:54.906  WARN 18032 --- [restartedMain] JpaBaseConfiguration$JpaWebConfiguration : spring.jpa.open-in-view is enabled by default. Therefore, database queries may be performed during view rendering. Explicitly configure spring.jpa.open-in-view to disable this warning
2022-03-25 00:06:54.977  INFO 18032 --- [restartedMain] o.s.s.web.DefaultSecurityFilterChain     : Will not secure any request
2022-03-25 00:06:55.061  INFO 18032 --- [restartedMain] o.s.b.d.a.OptionalLiveReloadServer       : LiveReload server is running on port 35729
2022-03-25 00:06:55.079  INFO 18032 --- [restartedMain] o.s.b.w.embedded.tomcat.TomcatWebServer  : Tomcat started on port(s): 5000 (http) with context path '/tms'
2022-03-25 00:06:55.083  INFO 18032 --- [restartedMain] c.t.TaskManagementApplication            : Started TaskManagementApplication in 0.774 seconds (JVM running for 100.304)
2022-03-25 00:06:55.084  INFO 18032 --- [restartedMain] .ConditionEvaluationDeltaLoggingListener : Condition evaluation unchanged
2022-03-25 00:07:02.689  INFO 18032 --- [http-nio-5000-exec-1] o.a.c.c.C.[Tomcat].[localhost].[/tms]    : Initializing Spring DispatcherServlet 'dispatcherServlet'
2022-03-25 00:07:02.691  INFO 18032 --- [http-nio-5000-exec-1] o.s.web.servlet.DispatcherServlet        : Initializing Servlet 'dispatcherServlet'
2022-03-25 00:07:02.692  INFO 18032 --- [http-nio-5000-exec-1] o.s.web.servlet.DispatcherServlet        : Completed initialization in 1 ms
2022-03-25 00:07:02.696  WARN 18032 --- [http-nio-5000-exec-1] .w.s.m.s.DefaultHandlerExceptionResolver : Resolved [org.springframework.web.HttpRequestMethodNotSupportedException: Request method 'POST' not supported]
2022-03-25 00:08:02.931  INFO 18032 --- [http-nio-5000-exec-4] o.apache.coyote.http11.Http11Processor   : Error parsing HTTP request header
 Note: further occurrences of HTTP request parsing errors will be logged at DEBUG level.

java.lang.IllegalArgumentException: Invalid character found in method name [0x160x030x010x020x000x010x000x010xfc0x030x03FQ0xd3m0xfe40xb60xc70x1d0x01|`0x940xf1@0x1f0xa40x1dQr50xb8QJ0xeb%WZ0xfc0x9d0j ]. HTTP method names must be tokens
	at org.apache.coyote.http11.Http11InputBuffer.parseRequestLine(Http11InputBuffer.java:419) ~[tomcat-embed-core-9.0.58.jar:9.0.58]
	at org.apache.coyote.http11.Http11Processor.service(Http11Processor.java:271) ~[tomcat-embed-core-9.0.58.jar:9.0.58]
	at org.apache.coyote.AbstractProcessorLight.process(AbstractProcessorLight.java:65) ~[tomcat-embed-core-9.0.58.jar:9.0.58]
	at org.apache.coyote.AbstractProtocol$ConnectionHandler.process(AbstractProtocol.java:889) ~[tomcat-embed-core-9.0.58.jar:9.0.58]
	at org.apache.tomcat.util.net.NioEndpoint$SocketProcessor.doRun(NioEndpoint.java:1735) ~[tomcat-embed-core-9.0.58.jar:9.0.58]
	at org.apache.tomcat.util.net.SocketProcessorBase.run(SocketProcessorBase.java:49) ~[tomcat-embed-core-9.0.58.jar:9.0.58]
	at org.apache.tomcat.util.threads.ThreadPoolExecutor.runWorker(ThreadPoolExecutor.java:1191) ~[tomcat-embed-core-9.0.58.jar:9.0.58]
	at org.apache.tomcat.util.threads.ThreadPoolExecutor$Worker.run(ThreadPoolExecutor.java:659) ~[tomcat-embed-core-9.0.58.jar:9.0.58]
	at org.apache.tomcat.util.threads.TaskThread$WrappingRunnable.run(TaskThread.java:61) ~[tomcat-embed-core-9.0.58.jar:9.0.58]
	at java.base/java.lang.Thread.run(Thread.java:834) ~[na:na]

2022-03-25 00:08:02.931  INFO 18032 --- [http-nio-5000-exec-3] o.apache.coyote.http11.Http11Processor   : Error parsing HTTP request header
 Note: further occurrences of HTTP request parsing errors will be logged at DEBUG level.

java.lang.IllegalArgumentException: Invalid character found in method name [0x160x030x010x020x000x010x000x010xfc0x030x030x869}*0xb6/1H0x930x9fN0x050xbe0x8b0xee0x9bJv0x880x9a0xfe0xd20x880x050xb0{E0x9cN0xf9{0x93 ]. HTTP method names must be tokens
	at org.apache.coyote.http11.Http11InputBuffer.parseRequestLine(Http11InputBuffer.java:419) ~[tomcat-embed-core-9.0.58.jar:9.0.58]
	at org.apache.coyote.http11.Http11Processor.service(Http11Processor.java:271) ~[tomcat-embed-core-9.0.58.jar:9.0.58]
	at org.apache.coyote.AbstractProcessorLight.process(AbstractProcessorLight.java:65) ~[tomcat-embed-core-9.0.58.jar:9.0.58]
	at org.apache.coyote.AbstractProtocol$ConnectionHandler.process(AbstractProtocol.java:889) ~[tomcat-embed-core-9.0.58.jar:9.0.58]
	at org.apache.tomcat.util.net.NioEndpoint$SocketProcessor.doRun(NioEndpoint.java:1735) ~[tomcat-embed-core-9.0.58.jar:9.0.58]
	at org.apache.tomcat.util.net.SocketProcessorBase.run(SocketProcessorBase.java:49) ~[tomcat-embed-core-9.0.58.jar:9.0.58]
	at org.apache.tomcat.util.threads.ThreadPoolExecutor.runWorker(ThreadPoolExecutor.java:1191) ~[tomcat-embed-core-9.0.58.jar:9.0.58]
	at org.apache.tomcat.util.threads.ThreadPoolExecutor$Worker.run(ThreadPoolExecutor.java:659) ~[tomcat-embed-core-9.0.58.jar:9.0.58]
	at org.apache.tomcat.util.threads.TaskThread$WrappingRunnable.run(TaskThread.java:61) ~[tomcat-embed-core-9.0.58.jar:9.0.58]
	at java.base/java.lang.Thread.run(Thread.java:834) ~[na:na]

2022-03-25 00:08:20.807  INFO 18032 --- [http-nio-5000-exec-9] c.t.web.service.TaskServiceImpl          :  Get Home Page request recireved
2022-03-25 00:08:20.833  INFO 18032 --- [http-nio-5000-exec-1] c.t.web.service.TaskServiceImpl          : Get Login Page request recieved
2022-03-25 00:11:11.412  INFO 18032 --- [Thread-7] j.LocalContainerEntityManagerFactoryBean : Closing JPA EntityManagerFactory for persistence unit 'default'
2022-03-25 00:11:11.412  INFO 18032 --- [Thread-7] com.zaxxer.hikari.HikariDataSource       : HikariPool-2 - Shutdown initiated...
2022-03-25 00:11:11.417  INFO 18032 --- [Thread-7] com.zaxxer.hikari.HikariDataSource       : HikariPool-2 - Shutdown completed.
2022-03-25 00:11:11.483  INFO 18032 --- [restartedMain] c.t.TaskManagementApplication            : Starting TaskManagementApplication using Java 11 on SJ000134 with PID 18032 (C:\Users\ve00ym351\Documents\OJT\TaskManagement\target\classes started by VE00YM351 in C:\Users\ve00ym351\Documents\OJT\TaskManagement)
2022-03-25 00:11:11.483  INFO 18032 --- [restartedMain] c.t.TaskManagementApplication            : No active profile set, falling back to 1 default profile: "default"
2022-03-25 00:11:11.605  INFO 18032 --- [restartedMain] .s.d.r.c.RepositoryConfigurationDelegate : Bootstrapping Spring Data JPA repositories in DEFAULT mode.
2022-03-25 00:11:11.623  INFO 18032 --- [restartedMain] .s.d.r.c.RepositoryConfigurationDelegate : Finished Spring Data repository scanning in 17 ms. Found 3 JPA repository interfaces.
2022-03-25 00:11:11.654  INFO 18032 --- [restartedMain] trationDelegate$BeanPostProcessorChecker : Bean 'org.springframework.ws.config.annotation.DelegatingWsConfiguration' of type [org.springframework.ws.config.annotation.DelegatingWsConfiguration$$EnhancerBySpringCGLIB$$b6d2ace2] is not eligible for getting processed by all BeanPostProcessors (for example: not eligible for auto-proxying)
2022-03-25 00:11:11.657  INFO 18032 --- [restartedMain] .w.s.a.s.AnnotationActionEndpointMapping : Supporting [WS-Addressing August 2004, WS-Addressing 1.0]
2022-03-25 00:11:11.689  INFO 18032 --- [restartedMain] o.s.b.w.embedded.tomcat.TomcatWebServer  : Tomcat initialized with port(s): 5000 (http)
2022-03-25 00:11:11.689  INFO 18032 --- [restartedMain] o.apache.catalina.core.StandardService   : Starting service [Tomcat]
2022-03-25 00:11:11.690  INFO 18032 --- [restartedMain] org.apache.catalina.core.StandardEngine  : Starting Servlet engine: [Apache Tomcat/9.0.58]
2022-03-25 00:11:11.736  INFO 18032 --- [restartedMain] org.apache.jasper.servlet.TldScanner     : At least one JAR was scanned for TLDs yet contained no TLDs. Enable debug logging for this logger for a complete list of JARs that were scanned but no TLDs were found in them. Skipping unneeded JARs during scanning can improve startup time and JSP compilation time.
2022-03-25 00:11:11.738  INFO 18032 --- [restartedMain] o.a.c.c.C.[Tomcat].[localhost].[/tms]    : Initializing Spring embedded WebApplicationContext
2022-03-25 00:11:11.738  INFO 18032 --- [restartedMain] w.s.c.ServletWebServerApplicationContext : Root WebApplicationContext: initialization completed in 254 ms
2022-03-25 00:11:11.769  INFO 18032 --- [restartedMain] com.zaxxer.hikari.HikariDataSource       : HikariPool-3 - Starting...
2022-03-25 00:11:11.880  INFO 18032 --- [restartedMain] com.zaxxer.hikari.HikariDataSource       : HikariPool-3 - Start completed.
2022-03-25 00:11:11.973  INFO 18032 --- [restartedMain] j.LocalContainerEntityManagerFactoryBean : Initialized JPA EntityManagerFactory for persistence unit 'default'
2022-03-25 00:11:12.050  WARN 18032 --- [restartedMain] JpaBaseConfiguration$JpaWebConfiguration : spring.jpa.open-in-view is enabled by default. Therefore, database queries may be performed during view rendering. Explicitly configure spring.jpa.open-in-view to disable this warning
2022-03-25 00:11:12.138  INFO 18032 --- [restartedMain] o.s.s.web.DefaultSecurityFilterChain     : Will not secure any request
2022-03-25 00:11:12.235  INFO 18032 --- [restartedMain] o.s.b.d.a.OptionalLiveReloadServer       : LiveReload server is running on port 35729
2022-03-25 00:11:12.250  INFO 18032 --- [restartedMain] o.s.b.w.embedded.tomcat.TomcatWebServer  : Tomcat started on port(s): 5000 (http) with context path '/tms'
2022-03-25 00:11:12.254  INFO 18032 --- [restartedMain] c.t.TaskManagementApplication            : Started TaskManagementApplication in 0.796 seconds (JVM running for 357.482)
2022-03-25 00:11:12.257  INFO 18032 --- [restartedMain] .ConditionEvaluationDeltaLoggingListener : Condition evaluation unchanged
2022-03-25 00:11:32.322  INFO 18032 --- [Thread-11] j.LocalContainerEntityManagerFactoryBean : Closing JPA EntityManagerFactory for persistence unit 'default'
2022-03-25 00:11:32.322  INFO 18032 --- [Thread-11] com.zaxxer.hikari.HikariDataSource       : HikariPool-3 - Shutdown initiated...
2022-03-25 00:11:32.326  INFO 18032 --- [Thread-11] com.zaxxer.hikari.HikariDataSource       : HikariPool-3 - Shutdown completed.
2022-03-25 00:11:32.391  INFO 18032 --- [restartedMain] c.t.TaskManagementApplication            : Starting TaskManagementApplication using Java 11 on SJ000134 with PID 18032 (C:\Users\ve00ym351\Documents\OJT\TaskManagement\target\classes started by VE00YM351 in C:\Users\ve00ym351\Documents\OJT\TaskManagement)
2022-03-25 00:11:32.392  INFO 18032 --- [restartedMain] c.t.TaskManagementApplication            : No active profile set, falling back to 1 default profile: "default"
2022-03-25 00:11:32.518  INFO 18032 --- [restartedMain] .s.d.r.c.RepositoryConfigurationDelegate : Bootstrapping Spring Data JPA repositories in DEFAULT mode.
2022-03-25 00:11:32.535  INFO 18032 --- [restartedMain] .s.d.r.c.RepositoryConfigurationDelegate : Finished Spring Data repository scanning in 17 ms. Found 3 JPA repository interfaces.
2022-03-25 00:11:32.569  INFO 18032 --- [restartedMain] trationDelegate$BeanPostProcessorChecker : Bean 'org.springframework.ws.config.annotation.DelegatingWsConfiguration' of type [org.springframework.ws.config.annotation.DelegatingWsConfiguration$$EnhancerBySpringCGLIB$$b6d2ace2] is not eligible for getting processed by all BeanPostProcessors (for example: not eligible for auto-proxying)
2022-03-25 00:11:32.569  INFO 18032 --- [restartedMain] .w.s.a.s.AnnotationActionEndpointMapping : Supporting [WS-Addressing August 2004, WS-Addressing 1.0]
2022-03-25 00:11:32.602  INFO 18032 --- [restartedMain] o.s.b.w.embedded.tomcat.TomcatWebServer  : Tomcat initialized with port(s): 5000 (http)
2022-03-25 00:11:32.603  INFO 18032 --- [restartedMain] o.apache.catalina.core.StandardService   : Starting service [Tomcat]
2022-03-25 00:11:32.603  INFO 18032 --- [restartedMain] org.apache.catalina.core.StandardEngine  : Starting Servlet engine: [Apache Tomcat/9.0.58]
2022-03-25 00:11:32.647  INFO 18032 --- [restartedMain] org.apache.jasper.servlet.TldScanner     : At least one JAR was scanned for TLDs yet contained no TLDs. Enable debug logging for this logger for a complete list of JARs that were scanned but no TLDs were found in them. Skipping unneeded JARs during scanning can improve startup time and JSP compilation time.
2022-03-25 00:11:32.648  INFO 18032 --- [restartedMain] o.a.c.c.C.[Tomcat].[localhost].[/tms]    : Initializing Spring embedded WebApplicationContext
2022-03-25 00:11:32.648  INFO 18032 --- [restartedMain] w.s.c.ServletWebServerApplicationContext : Root WebApplicationContext: initialization completed in 255 ms
2022-03-25 00:11:32.682  INFO 18032 --- [restartedMain] com.zaxxer.hikari.HikariDataSource       : HikariPool-4 - Starting...
2022-03-25 00:11:32.788  INFO 18032 --- [restartedMain] com.zaxxer.hikari.HikariDataSource       : HikariPool-4 - Start completed.
2022-03-25 00:11:32.872  INFO 18032 --- [restartedMain] j.LocalContainerEntityManagerFactoryBean : Initialized JPA EntityManagerFactory for persistence unit 'default'
2022-03-25 00:11:32.925  WARN 18032 --- [restartedMain] JpaBaseConfiguration$JpaWebConfiguration : spring.jpa.open-in-view is enabled by default. Therefore, database queries may be performed during view rendering. Explicitly configure spring.jpa.open-in-view to disable this warning
2022-03-25 00:11:32.983  INFO 18032 --- [restartedMain] o.s.s.web.DefaultSecurityFilterChain     : Will not secure any request
2022-03-25 00:11:33.051  INFO 18032 --- [restartedMain] o.s.b.d.a.OptionalLiveReloadServer       : LiveReload server is running on port 35729
2022-03-25 00:11:33.063  INFO 18032 --- [restartedMain] o.s.b.w.embedded.tomcat.TomcatWebServer  : Tomcat started on port(s): 5000 (http) with context path '/tms'
2022-03-25 00:11:33.067  INFO 18032 --- [restartedMain] c.t.TaskManagementApplication            : Started TaskManagementApplication in 0.699 seconds (JVM running for 378.296)
2022-03-25 00:11:33.068  INFO 18032 --- [restartedMain] .ConditionEvaluationDeltaLoggingListener : Condition evaluation unchanged
2022-03-25 00:12:33.233  INFO 18032 --- [http-nio-5000-exec-1] o.a.c.c.C.[Tomcat].[localhost].[/tms]    : Initializing Spring DispatcherServlet 'dispatcherServlet'
2022-03-25 00:12:33.235  INFO 18032 --- [http-nio-5000-exec-1] o.s.web.servlet.DispatcherServlet        : Initializing Servlet 'dispatcherServlet'
2022-03-25 00:12:33.236  INFO 18032 --- [http-nio-5000-exec-1] o.s.web.servlet.DispatcherServlet        : Completed initialization in 1 ms
2022-03-25 00:12:33.706  INFO 18032 --- [http-nio-5000-exec-2] c.t.web.service.TaskServiceImpl          : Get Login Page request recieved
2022-03-25 00:12:41.136  INFO 18032 --- [Thread-15] j.LocalContainerEntityManagerFactoryBean : Closing JPA EntityManagerFactory for persistence unit 'default'
2022-03-25 00:12:41.137  INFO 18032 --- [Thread-15] com.zaxxer.hikari.HikariDataSource       : HikariPool-4 - Shutdown initiated...
2022-03-25 00:12:41.141  INFO 18032 --- [Thread-15] com.zaxxer.hikari.HikariDataSource       : HikariPool-4 - Shutdown completed.
2022-03-25 00:12:41.203  INFO 18032 --- [restartedMain] c.t.TaskManagementApplication            : Starting TaskManagementApplication using Java 11 on SJ000134 with PID 18032 (C:\Users\ve00ym351\Documents\OJT\TaskManagement\target\classes started by VE00YM351 in C:\Users\ve00ym351\Documents\OJT\TaskManagement)
2022-03-25 00:12:41.203  INFO 18032 --- [restartedMain] c.t.TaskManagementApplication            : No active profile set, falling back to 1 default profile: "default"
2022-03-25 00:12:41.318  INFO 18032 --- [restartedMain] .s.d.r.c.RepositoryConfigurationDelegate : Bootstrapping Spring Data JPA repositories in DEFAULT mode.
2022-03-25 00:12:41.337  INFO 18032 --- [restartedMain] .s.d.r.c.RepositoryConfigurationDelegate : Finished Spring Data repository scanning in 18 ms. Found 3 JPA repository interfaces.
2022-03-25 00:12:41.362  INFO 18032 --- [restartedMain] trationDelegate$BeanPostProcessorChecker : Bean 'org.springframework.ws.config.annotation.DelegatingWsConfiguration' of type [org.springframework.ws.config.annotation.DelegatingWsConfiguration$$EnhancerBySpringCGLIB$$b6d2ace2] is not eligible for getting processed by all BeanPostProcessors (for example: not eligible for auto-proxying)
2022-03-25 00:12:41.365  INFO 18032 --- [restartedMain] .w.s.a.s.AnnotationActionEndpointMapping : Supporting [WS-Addressing August 2004, WS-Addressing 1.0]
2022-03-25 00:12:41.395  INFO 18032 --- [restartedMain] o.s.b.w.embedded.tomcat.TomcatWebServer  : Tomcat initialized with port(s): 5000 (http)
2022-03-25 00:12:41.395  INFO 18032 --- [restartedMain] o.apache.catalina.core.StandardService   : Starting service [Tomcat]
2022-03-25 00:12:41.395  INFO 18032 --- [restartedMain] org.apache.catalina.core.StandardEngine  : Starting Servlet engine: [Apache Tomcat/9.0.58]
2022-03-25 00:12:41.437  INFO 18032 --- [restartedMain] org.apache.jasper.servlet.TldScanner     : At least one JAR was scanned for TLDs yet contained no TLDs. Enable debug logging for this logger for a complete list of JARs that were scanned but no TLDs were found in them. Skipping unneeded JARs during scanning can improve startup time and JSP compilation time.
2022-03-25 00:12:41.438  INFO 18032 --- [restartedMain] o.a.c.c.C.[Tomcat].[localhost].[/tms]    : Initializing Spring embedded WebApplicationContext
2022-03-25 00:12:41.439  INFO 18032 --- [restartedMain] w.s.c.ServletWebServerApplicationContext : Root WebApplicationContext: initialization completed in 233 ms
2022-03-25 00:12:41.471  INFO 18032 --- [restartedMain] com.zaxxer.hikari.HikariDataSource       : HikariPool-5 - Starting...
2022-03-25 00:12:41.603  INFO 18032 --- [restartedMain] com.zaxxer.hikari.HikariDataSource       : HikariPool-5 - Start completed.
2022-03-25 00:12:41.683  INFO 18032 --- [restartedMain] j.LocalContainerEntityManagerFactoryBean : Initialized JPA EntityManagerFactory for persistence unit 'default'
2022-03-25 00:12:41.725  WARN 18032 --- [restartedMain] JpaBaseConfiguration$JpaWebConfiguration : spring.jpa.open-in-view is enabled by default. Therefore, database queries may be performed during view rendering. Explicitly configure spring.jpa.open-in-view to disable this warning
2022-03-25 00:12:41.786  INFO 18032 --- [restartedMain] o.s.s.web.DefaultSecurityFilterChain     : Will not secure any request
2022-03-25 00:12:41.855  INFO 18032 --- [restartedMain] o.s.b.d.a.OptionalLiveReloadServer       : LiveReload server is running on port 35729
2022-03-25 00:12:41.870  INFO 18032 --- [restartedMain] o.s.b.w.embedded.tomcat.TomcatWebServer  : Tomcat started on port(s): 5000 (http) with context path '/tms'
2022-03-25 00:12:41.874  INFO 18032 --- [restartedMain] c.t.TaskManagementApplication            : Started TaskManagementApplication in 0.692 seconds (JVM running for 447.109)
2022-03-25 00:12:41.876  INFO 18032 --- [restartedMain] .ConditionEvaluationDeltaLoggingListener : Condition evaluation unchanged
2022-03-25 00:12:44.848  INFO 18032 --- [http-nio-5000-exec-1] o.a.c.c.C.[Tomcat].[localhost].[/tms]    : Initializing Spring DispatcherServlet 'dispatcherServlet'
2022-03-25 00:12:44.850  INFO 18032 --- [http-nio-5000-exec-1] o.s.web.servlet.DispatcherServlet        : Initializing Servlet 'dispatcherServlet'
2022-03-25 00:12:44.850  INFO 18032 --- [http-nio-5000-exec-1] o.s.web.servlet.DispatcherServlet        : Completed initialization in 0 ms
2022-03-25 00:12:44.851  WARN 18032 --- [http-nio-5000-exec-1] .w.s.m.s.DefaultHandlerExceptionResolver : Resolved [org.springframework.web.HttpRequestMethodNotSupportedException: Request method 'POST' not supported]
2022-03-25 00:15:57.561  INFO 18032 --- [Thread-19] j.LocalContainerEntityManagerFactoryBean : Closing JPA EntityManagerFactory for persistence unit 'default'
2022-03-25 00:15:57.562  INFO 18032 --- [Thread-19] com.zaxxer.hikari.HikariDataSource       : HikariPool-5 - Shutdown initiated...
2022-03-25 00:15:57.566  INFO 18032 --- [Thread-19] com.zaxxer.hikari.HikariDataSource       : HikariPool-5 - Shutdown completed.
2022-03-25 00:15:57.627  INFO 18032 --- [restartedMain] c.t.TaskManagementApplication            : Starting TaskManagementApplication using Java 11 on SJ000134 with PID 18032 (C:\Users\ve00ym351\Documents\OJT\TaskManagement\target\classes started by VE00YM351 in C:\Users\ve00ym351\Documents\OJT\TaskManagement)
2022-03-25 00:15:57.627  INFO 18032 --- [restartedMain] c.t.TaskManagementApplication            : No active profile set, falling back to 1 default profile: "default"
2022-03-25 00:15:57.731  INFO 18032 --- [restartedMain] .s.d.r.c.RepositoryConfigurationDelegate : Bootstrapping Spring Data JPA repositories in DEFAULT mode.
2022-03-25 00:15:57.754  INFO 18032 --- [restartedMain] .s.d.r.c.RepositoryConfigurationDelegate : Finished Spring Data repository scanning in 23 ms. Found 3 JPA repository interfaces.
2022-03-25 00:15:57.782  INFO 18032 --- [restartedMain] trationDelegate$BeanPostProcessorChecker : Bean 'org.springframework.ws.config.annotation.DelegatingWsConfiguration' of type [org.springframework.ws.config.annotation.DelegatingWsConfiguration$$EnhancerBySpringCGLIB$$b6d2ace2] is not eligible for getting processed by all BeanPostProcessors (for example: not eligible for auto-proxying)
2022-03-25 00:15:57.784  INFO 18032 --- [restartedMain] .w.s.a.s.AnnotationActionEndpointMapping : Supporting [WS-Addressing August 2004, WS-Addressing 1.0]
2022-03-25 00:15:57.813  INFO 18032 --- [restartedMain] o.s.b.w.embedded.tomcat.TomcatWebServer  : Tomcat initialized with port(s): 5000 (http)
2022-03-25 00:15:57.813  INFO 18032 --- [restartedMain] o.apache.catalina.core.StandardService   : Starting service [Tomcat]
2022-03-25 00:15:57.813  INFO 18032 --- [restartedMain] org.apache.catalina.core.StandardEngine  : Starting Servlet engine: [Apache Tomcat/9.0.58]
2022-03-25 00:15:57.856  INFO 18032 --- [restartedMain] org.apache.jasper.servlet.TldScanner     : At least one JAR was scanned for TLDs yet contained no TLDs. Enable debug logging for this logger for a complete list of JARs that were scanned but no TLDs were found in them. Skipping unneeded JARs during scanning can improve startup time and JSP compilation time.
2022-03-25 00:15:57.857  INFO 18032 --- [restartedMain] o.a.c.c.C.[Tomcat].[localhost].[/tms]    : Initializing Spring embedded WebApplicationContext
2022-03-25 00:15:57.857  INFO 18032 --- [restartedMain] w.s.c.ServletWebServerApplicationContext : Root WebApplicationContext: initialization completed in 229 ms
2022-03-25 00:15:57.886  INFO 18032 --- [restartedMain] com.zaxxer.hikari.HikariDataSource       : HikariPool-6 - Starting...
2022-03-25 00:15:57.998  INFO 18032 --- [restartedMain] com.zaxxer.hikari.HikariDataSource       : HikariPool-6 - Start completed.
2022-03-25 00:15:58.080  INFO 18032 --- [restartedMain] j.LocalContainerEntityManagerFactoryBean : Initialized JPA EntityManagerFactory for persistence unit 'default'
2022-03-25 00:15:58.131  WARN 18032 --- [restartedMain] JpaBaseConfiguration$JpaWebConfiguration : spring.jpa.open-in-view is enabled by default. Therefore, database queries may be performed during view rendering. Explicitly configure spring.jpa.open-in-view to disable this warning
2022-03-25 00:15:58.198  INFO 18032 --- [restartedMain] o.s.s.web.DefaultSecurityFilterChain     : Will not secure any request
2022-03-25 00:15:58.263  INFO 18032 --- [restartedMain] o.s.b.d.a.OptionalLiveReloadServer       : LiveReload server is running on port 35729
2022-03-25 00:15:58.279  INFO 18032 --- [restartedMain] o.s.b.w.embedded.tomcat.TomcatWebServer  : Tomcat started on port(s): 5000 (http) with context path '/tms'
2022-03-25 00:15:58.284  INFO 18032 --- [restartedMain] c.t.TaskManagementApplication            : Started TaskManagementApplication in 0.679 seconds (JVM running for 643.529)
2022-03-25 00:15:58.285  INFO 18032 --- [restartedMain] .ConditionEvaluationDeltaLoggingListener : Condition evaluation unchanged
2022-03-25 00:18:54.913  INFO 18032 --- [Thread-23] j.LocalContainerEntityManagerFactoryBean : Closing JPA EntityManagerFactory for persistence unit 'default'
2022-03-25 00:18:54.914  INFO 18032 --- [Thread-23] com.zaxxer.hikari.HikariDataSource       : HikariPool-6 - Shutdown initiated...
2022-03-25 00:18:54.917  INFO 18032 --- [Thread-23] com.zaxxer.hikari.HikariDataSource       : HikariPool-6 - Shutdown completed.
2022-03-25 00:18:54.979  INFO 18032 --- [restartedMain] c.t.TaskManagementApplication            : Starting TaskManagementApplication using Java 11 on SJ000134 with PID 18032 (C:\Users\ve00ym351\Documents\OJT\TaskManagement\target\classes started by VE00YM351 in C:\Users\ve00ym351\Documents\OJT\TaskManagement)
2022-03-25 00:18:54.979  INFO 18032 --- [restartedMain] c.t.TaskManagementApplication            : No active profile set, falling back to 1 default profile: "default"
2022-03-25 00:18:55.080  INFO 18032 --- [restartedMain] .s.d.r.c.RepositoryConfigurationDelegate : Bootstrapping Spring Data JPA repositories in DEFAULT mode.
2022-03-25 00:18:55.095  INFO 18032 --- [restartedMain] .s.d.r.c.RepositoryConfigurationDelegate : Finished Spring Data repository scanning in 14 ms. Found 3 JPA repository interfaces.
2022-03-25 00:18:55.120  INFO 18032 --- [restartedMain] trationDelegate$BeanPostProcessorChecker : Bean 'org.springframework.ws.config.annotation.DelegatingWsConfiguration' of type [org.springframework.ws.config.annotation.DelegatingWsConfiguration$$EnhancerBySpringCGLIB$$b6d2ace2] is not eligible for getting processed by all BeanPostProcessors (for example: not eligible for auto-proxying)
2022-03-25 00:18:55.122  INFO 18032 --- [restartedMain] .w.s.a.s.AnnotationActionEndpointMapping : Supporting [WS-Addressing August 2004, WS-Addressing 1.0]
2022-03-25 00:18:55.148  INFO 18032 --- [restartedMain] o.s.b.w.embedded.tomcat.TomcatWebServer  : Tomcat initialized with port(s): 5000 (http)
2022-03-25 00:18:55.149  INFO 18032 --- [restartedMain] o.apache.catalina.core.StandardService   : Starting service [Tomcat]
2022-03-25 00:18:55.149  INFO 18032 --- [restartedMain] org.apache.catalina.core.StandardEngine  : Starting Servlet engine: [Apache Tomcat/9.0.58]
2022-03-25 00:18:55.192  INFO 18032 --- [restartedMain] org.apache.jasper.servlet.TldScanner     : At least one JAR was scanned for TLDs yet contained no TLDs. Enable debug logging for this logger for a complete list of JARs that were scanned but no TLDs were found in them. Skipping unneeded JARs during scanning can improve startup time and JSP compilation time.
2022-03-25 00:18:55.193  INFO 18032 --- [restartedMain] o.a.c.c.C.[Tomcat].[localhost].[/tms]    : Initializing Spring embedded WebApplicationContext
2022-03-25 00:18:55.193  INFO 18032 --- [restartedMain] w.s.c.ServletWebServerApplicationContext : Root WebApplicationContext: initialization completed in 213 ms
2022-03-25 00:18:55.222  INFO 18032 --- [restartedMain] com.zaxxer.hikari.HikariDataSource       : HikariPool-7 - Starting...
2022-03-25 00:18:55.325  INFO 18032 --- [restartedMain] com.zaxxer.hikari.HikariDataSource       : HikariPool-7 - Start completed.
2022-03-25 00:18:55.409  INFO 18032 --- [restartedMain] j.LocalContainerEntityManagerFactoryBean : Initialized JPA EntityManagerFactory for persistence unit 'default'
2022-03-25 00:18:55.454  WARN 18032 --- [restartedMain] JpaBaseConfiguration$JpaWebConfiguration : spring.jpa.open-in-view is enabled by default. Therefore, database queries may be performed during view rendering. Explicitly configure spring.jpa.open-in-view to disable this warning
2022-03-25 00:18:55.512  INFO 18032 --- [restartedMain] o.s.s.web.DefaultSecurityFilterChain     : Will not secure any request
2022-03-25 00:18:55.573  INFO 18032 --- [restartedMain] o.s.b.d.a.OptionalLiveReloadServer       : LiveReload server is running on port 35729
2022-03-25 00:18:55.589  INFO 18032 --- [restartedMain] o.s.b.w.embedded.tomcat.TomcatWebServer  : Tomcat started on port(s): 5000 (http) with context path '/tms'
2022-03-25 00:18:55.592  INFO 18032 --- [restartedMain] c.t.TaskManagementApplication            : Started TaskManagementApplication in 0.634 seconds (JVM running for 820.838)
2022-03-25 00:18:55.593  INFO 18032 --- [restartedMain] .ConditionEvaluationDeltaLoggingListener : Condition evaluation unchanged
2022-03-25 00:19:35.054  INFO 18032 --- [Thread-27] j.LocalContainerEntityManagerFactoryBean : Closing JPA EntityManagerFactory for persistence unit 'default'
2022-03-25 00:19:35.054  INFO 18032 --- [Thread-27] com.zaxxer.hikari.HikariDataSource       : HikariPool-7 - Shutdown initiated...
2022-03-25 00:19:35.060  INFO 18032 --- [Thread-27] com.zaxxer.hikari.HikariDataSource       : HikariPool-7 - Shutdown completed.
2022-03-25 00:19:35.132  INFO 18032 --- [restartedMain] c.t.TaskManagementApplication            : Starting TaskManagementApplication using Java 11 on SJ000134 with PID 18032 (C:\Users\ve00ym351\Documents\OJT\TaskManagement\target\classes started by VE00YM351 in C:\Users\ve00ym351\Documents\OJT\TaskManagement)
2022-03-25 00:19:35.132  INFO 18032 --- [restartedMain] c.t.TaskManagementApplication            : No active profile set, falling back to 1 default profile: "default"
2022-03-25 00:19:35.244  INFO 18032 --- [restartedMain] .s.d.r.c.RepositoryConfigurationDelegate : Bootstrapping Spring Data JPA repositories in DEFAULT mode.
2022-03-25 00:19:35.258  INFO 18032 --- [restartedMain] .s.d.r.c.RepositoryConfigurationDelegate : Finished Spring Data repository scanning in 14 ms. Found 3 JPA repository interfaces.
2022-03-25 00:19:35.291  INFO 18032 --- [restartedMain] trationDelegate$BeanPostProcessorChecker : Bean 'org.springframework.ws.config.annotation.DelegatingWsConfiguration' of type [org.springframework.ws.config.annotation.DelegatingWsConfiguration$$EnhancerBySpringCGLIB$$b6d2ace2] is not eligible for getting processed by all BeanPostProcessors (for example: not eligible for auto-proxying)
2022-03-25 00:19:35.292  INFO 18032 --- [restartedMain] .w.s.a.s.AnnotationActionEndpointMapping : Supporting [WS-Addressing August 2004, WS-Addressing 1.0]
2022-03-25 00:19:35.324  INFO 18032 --- [restartedMain] o.s.b.w.embedded.tomcat.TomcatWebServer  : Tomcat initialized with port(s): 5000 (http)
2022-03-25 00:19:35.324  INFO 18032 --- [restartedMain] o.apache.catalina.core.StandardService   : Starting service [Tomcat]
2022-03-25 00:19:35.325  INFO 18032 --- [restartedMain] org.apache.catalina.core.StandardEngine  : Starting Servlet engine: [Apache Tomcat/9.0.58]
2022-03-25 00:19:35.384  INFO 18032 --- [restartedMain] org.apache.jasper.servlet.TldScanner     : At least one JAR was scanned for TLDs yet contained no TLDs. Enable debug logging for this logger for a complete list of JARs that were scanned but no TLDs were found in them. Skipping unneeded JARs during scanning can improve startup time and JSP compilation time.
2022-03-25 00:19:35.384  INFO 18032 --- [restartedMain] o.a.c.c.C.[Tomcat].[localhost].[/tms]    : Initializing Spring embedded WebApplicationContext
2022-03-25 00:19:35.384  INFO 18032 --- [restartedMain] w.s.c.ServletWebServerApplicationContext : Root WebApplicationContext: initialization completed in 250 ms
2022-03-25 00:19:35.420  INFO 18032 --- [restartedMain] com.zaxxer.hikari.HikariDataSource       : HikariPool-8 - Starting...
2022-03-25 00:19:35.544  INFO 18032 --- [restartedMain] com.zaxxer.hikari.HikariDataSource       : HikariPool-8 - Start completed.
2022-03-25 00:19:35.642  INFO 18032 --- [restartedMain] j.LocalContainerEntityManagerFactoryBean : Initialized JPA EntityManagerFactory for persistence unit 'default'
2022-03-25 00:19:35.711  WARN 18032 --- [restartedMain] JpaBaseConfiguration$JpaWebConfiguration : spring.jpa.open-in-view is enabled by default. Therefore, database queries may be performed during view rendering. Explicitly configure spring.jpa.open-in-view to disable this warning
2022-03-25 00:19:35.792  INFO 18032 --- [restartedMain] o.s.s.web.DefaultSecurityFilterChain     : Will not secure any request
2022-03-25 00:19:35.891  INFO 18032 --- [restartedMain] o.s.b.d.a.OptionalLiveReloadServer       : LiveReload server is running on port 35729
2022-03-25 00:19:35.912  INFO 18032 --- [restartedMain] o.s.b.w.embedded.tomcat.TomcatWebServer  : Tomcat started on port(s): 5000 (http) with context path '/tms'
2022-03-25 00:19:35.917  INFO 18032 --- [restartedMain] c.t.TaskManagementApplication            : Started TaskManagementApplication in 0.814 seconds (JVM running for 861.162)
2022-03-25 00:19:35.919  INFO 18032 --- [restartedMain] .ConditionEvaluationDeltaLoggingListener : Condition evaluation unchanged
2022-03-25 00:24:03.221  INFO 18032 --- [Thread-31] j.LocalContainerEntityManagerFactoryBean : Closing JPA EntityManagerFactory for persistence unit 'default'
2022-03-25 00:24:03.222  INFO 18032 --- [Thread-31] com.zaxxer.hikari.HikariDataSource       : HikariPool-8 - Shutdown initiated...
2022-03-25 00:24:03.228  INFO 18032 --- [Thread-31] com.zaxxer.hikari.HikariDataSource       : HikariPool-8 - Shutdown completed.
2022-03-25 00:24:03.295  INFO 18032 --- [restartedMain] c.t.TaskManagementApplication            : Starting TaskManagementApplication using Java 11 on SJ000134 with PID 18032 (C:\Users\ve00ym351\Documents\OJT\TaskManagement\target\classes started by VE00YM351 in C:\Users\ve00ym351\Documents\OJT\TaskManagement)
2022-03-25 00:24:03.295  INFO 18032 --- [restartedMain] c.t.TaskManagementApplication            : No active profile set, falling back to 1 default profile: "default"
2022-03-25 00:24:03.403  INFO 18032 --- [restartedMain] .s.d.r.c.RepositoryConfigurationDelegate : Bootstrapping Spring Data JPA repositories in DEFAULT mode.
2022-03-25 00:24:03.421  INFO 18032 --- [restartedMain] .s.d.r.c.RepositoryConfigurationDelegate : Finished Spring Data repository scanning in 17 ms. Found 3 JPA repository interfaces.
2022-03-25 00:24:03.450  INFO 18032 --- [restartedMain] trationDelegate$BeanPostProcessorChecker : Bean 'org.springframework.ws.config.annotation.DelegatingWsConfiguration' of type [org.springframework.ws.config.annotation.DelegatingWsConfiguration$$EnhancerBySpringCGLIB$$b6d2ace2] is not eligible for getting processed by all BeanPostProcessors (for example: not eligible for auto-proxying)
2022-03-25 00:24:03.452  INFO 18032 --- [restartedMain] .w.s.a.s.AnnotationActionEndpointMapping : Supporting [WS-Addressing August 2004, WS-Addressing 1.0]
2022-03-25 00:24:03.477  INFO 18032 --- [restartedMain] o.s.b.w.embedded.tomcat.TomcatWebServer  : Tomcat initialized with port(s): 5000 (http)
2022-03-25 00:24:03.478  INFO 18032 --- [restartedMain] o.apache.catalina.core.StandardService   : Starting service [Tomcat]
2022-03-25 00:24:03.478  INFO 18032 --- [restartedMain] org.apache.catalina.core.StandardEngine  : Starting Servlet engine: [Apache Tomcat/9.0.58]
2022-03-25 00:24:03.522  INFO 18032 --- [restartedMain] org.apache.jasper.servlet.TldScanner     : At least one JAR was scanned for TLDs yet contained no TLDs. Enable debug logging for this logger for a complete list of JARs that were scanned but no TLDs were found in them. Skipping unneeded JARs during scanning can improve startup time and JSP compilation time.
2022-03-25 00:24:03.522  INFO 18032 --- [restartedMain] o.a.c.c.C.[Tomcat].[localhost].[/tms]    : Initializing Spring embedded WebApplicationContext
2022-03-25 00:24:03.522  INFO 18032 --- [restartedMain] w.s.c.ServletWebServerApplicationContext : Root WebApplicationContext: initialization completed in 226 ms
2022-03-25 00:24:03.553  INFO 18032 --- [restartedMain] com.zaxxer.hikari.HikariDataSource       : HikariPool-9 - Starting...
2022-03-25 00:24:03.685  INFO 18032 --- [restartedMain] com.zaxxer.hikari.HikariDataSource       : HikariPool-9 - Start completed.
2022-03-25 00:24:03.763  INFO 18032 --- [restartedMain] j.LocalContainerEntityManagerFactoryBean : Initialized JPA EntityManagerFactory for persistence unit 'default'
2022-03-25 00:24:03.802  WARN 18032 --- [restartedMain] JpaBaseConfiguration$JpaWebConfiguration : spring.jpa.open-in-view is enabled by default. Therefore, database queries may be performed during view rendering. Explicitly configure spring.jpa.open-in-view to disable this warning
2022-03-25 00:24:03.858  INFO 18032 --- [restartedMain] o.s.s.web.DefaultSecurityFilterChain     : Will not secure any request
2022-03-25 00:24:03.923  INFO 18032 --- [restartedMain] o.s.b.d.a.OptionalLiveReloadServer       : LiveReload server is running on port 35729
2022-03-25 00:24:03.942  INFO 18032 --- [restartedMain] o.s.b.w.embedded.tomcat.TomcatWebServer  : Tomcat started on port(s): 5000 (http) with context path '/tms'
2022-03-25 00:24:03.945  INFO 18032 --- [restartedMain] c.t.TaskManagementApplication            : Started TaskManagementApplication in 0.674 seconds (JVM running for 1129.191)
2022-03-25 00:24:03.947  INFO 18032 --- [restartedMain] .ConditionEvaluationDeltaLoggingListener : Condition evaluation unchanged
2022-03-25 00:24:08.660  INFO 18032 --- [Thread-35] j.LocalContainerEntityManagerFactoryBean : Closing JPA EntityManagerFactory for persistence unit 'default'
2022-03-25 00:24:08.661  INFO 18032 --- [Thread-35] com.zaxxer.hikari.HikariDataSource       : HikariPool-9 - Shutdown initiated...
2022-03-25 00:24:08.665  INFO 18032 --- [Thread-35] com.zaxxer.hikari.HikariDataSource       : HikariPool-9 - Shutdown completed.
2022-03-25 00:24:08.735  INFO 18032 --- [restartedMain] c.t.TaskManagementApplication            : Starting TaskManagementApplication using Java 11 on SJ000134 with PID 18032 (C:\Users\ve00ym351\Documents\OJT\TaskManagement\target\classes started by VE00YM351 in C:\Users\ve00ym351\Documents\OJT\TaskManagement)
2022-03-25 00:24:08.735  INFO 18032 --- [restartedMain] c.t.TaskManagementApplication            : No active profile set, falling back to 1 default profile: "default"
2022-03-25 00:24:08.850  INFO 18032 --- [restartedMain] .s.d.r.c.RepositoryConfigurationDelegate : Bootstrapping Spring Data JPA repositories in DEFAULT mode.
2022-03-25 00:24:08.872  INFO 18032 --- [restartedMain] .s.d.r.c.RepositoryConfigurationDelegate : Finished Spring Data repository scanning in 20 ms. Found 3 JPA repository interfaces.
2022-03-25 00:24:08.917  INFO 18032 --- [restartedMain] trationDelegate$BeanPostProcessorChecker : Bean 'org.springframework.ws.config.annotation.DelegatingWsConfiguration' of type [org.springframework.ws.config.annotation.DelegatingWsConfiguration$$EnhancerBySpringCGLIB$$b6d2ace2] is not eligible for getting processed by all BeanPostProcessors (for example: not eligible for auto-proxying)
2022-03-25 00:24:08.917  INFO 18032 --- [restartedMain] .w.s.a.s.AnnotationActionEndpointMapping : Supporting [WS-Addressing August 2004, WS-Addressing 1.0]
2022-03-25 00:24:08.946  INFO 18032 --- [restartedMain] o.s.b.w.embedded.tomcat.TomcatWebServer  : Tomcat initialized with port(s): 5000 (http)
2022-03-25 00:24:08.946  INFO 18032 --- [restartedMain] o.apache.catalina.core.StandardService   : Starting service [Tomcat]
2022-03-25 00:24:08.946  INFO 18032 --- [restartedMain] org.apache.catalina.core.StandardEngine  : Starting Servlet engine: [Apache Tomcat/9.0.58]
2022-03-25 00:24:08.991  INFO 18032 --- [restartedMain] org.apache.jasper.servlet.TldScanner     : At least one JAR was scanned for TLDs yet contained no TLDs. Enable debug logging for this logger for a complete list of JARs that were scanned but no TLDs were found in them. Skipping unneeded JARs during scanning can improve startup time and JSP compilation time.
2022-03-25 00:24:08.991  INFO 18032 --- [restartedMain] o.a.c.c.C.[Tomcat].[localhost].[/tms]    : Initializing Spring embedded WebApplicationContext
2022-03-25 00:24:08.991  INFO 18032 --- [restartedMain] w.s.c.ServletWebServerApplicationContext : Root WebApplicationContext: initialization completed in 254 ms
2022-03-25 00:24:09.023  INFO 18032 --- [restartedMain] com.zaxxer.hikari.HikariDataSource       : HikariPool-10 - Starting...
2022-03-25 00:24:09.134  INFO 18032 --- [restartedMain] com.zaxxer.hikari.HikariDataSource       : HikariPool-10 - Start completed.
2022-03-25 00:24:09.219  INFO 18032 --- [restartedMain] j.LocalContainerEntityManagerFactoryBean : Initialized JPA EntityManagerFactory for persistence unit 'default'
2022-03-25 00:24:09.265  WARN 18032 --- [restartedMain] JpaBaseConfiguration$JpaWebConfiguration : spring.jpa.open-in-view is enabled by default. Therefore, database queries may be performed during view rendering. Explicitly configure spring.jpa.open-in-view to disable this warning
2022-03-25 00:24:09.329  INFO 18032 --- [restartedMain] o.s.s.web.DefaultSecurityFilterChain     : Will not secure any request
2022-03-25 00:24:09.414  INFO 18032 --- [restartedMain] o.s.b.d.a.OptionalLiveReloadServer       : LiveReload server is running on port 35729
2022-03-25 00:24:09.435  INFO 18032 --- [restartedMain] o.s.b.w.embedded.tomcat.TomcatWebServer  : Tomcat started on port(s): 5000 (http) with context path '/tms'
2022-03-25 00:24:09.440  INFO 18032 --- [restartedMain] c.t.TaskManagementApplication            : Started TaskManagementApplication in 0.73 seconds (JVM running for 1134.685)
2022-03-25 00:24:09.441  INFO 18032 --- [restartedMain] .ConditionEvaluationDeltaLoggingListener : Condition evaluation unchanged
2022-03-25 00:24:45.726  INFO 18032 --- [Thread-39] j.LocalContainerEntityManagerFactoryBean : Closing JPA EntityManagerFactory for persistence unit 'default'
2022-03-25 00:24:45.726  INFO 18032 --- [Thread-39] com.zaxxer.hikari.HikariDataSource       : HikariPool-10 - Shutdown initiated...
2022-03-25 00:24:45.730  INFO 18032 --- [Thread-39] com.zaxxer.hikari.HikariDataSource       : HikariPool-10 - Shutdown completed.
2022-03-25 00:24:45.794  INFO 18032 --- [restartedMain] c.t.TaskManagementApplication            : Starting TaskManagementApplication using Java 11 on SJ000134 with PID 18032 (C:\Users\ve00ym351\Documents\OJT\TaskManagement\target\classes started by VE00YM351 in C:\Users\ve00ym351\Documents\OJT\TaskManagement)
2022-03-25 00:24:45.794  INFO 18032 --- [restartedMain] c.t.TaskManagementApplication            : No active profile set, falling back to 1 default profile: "default"
2022-03-25 00:24:45.926  INFO 18032 --- [restartedMain] .s.d.r.c.RepositoryConfigurationDelegate : Bootstrapping Spring Data JPA repositories in DEFAULT mode.
2022-03-25 00:24:45.940  INFO 18032 --- [restartedMain] .s.d.r.c.RepositoryConfigurationDelegate : Finished Spring Data repository scanning in 13 ms. Found 3 JPA repository interfaces.
2022-03-25 00:24:45.969  INFO 18032 --- [restartedMain] trationDelegate$BeanPostProcessorChecker : Bean 'org.springframework.ws.config.annotation.DelegatingWsConfiguration' of type [org.springframework.ws.config.annotation.DelegatingWsConfiguration$$EnhancerBySpringCGLIB$$b6d2ace2] is not eligible for getting processed by all BeanPostProcessors (for example: not eligible for auto-proxying)
2022-03-25 00:24:45.970  INFO 18032 --- [restartedMain] .w.s.a.s.AnnotationActionEndpointMapping : Supporting [WS-Addressing August 2004, WS-Addressing 1.0]
2022-03-25 00:24:45.996  INFO 18032 --- [restartedMain] o.s.b.w.embedded.tomcat.TomcatWebServer  : Tomcat initialized with port(s): 5000 (http)
2022-03-25 00:24:45.996  INFO 18032 --- [restartedMain] o.apache.catalina.core.StandardService   : Starting service [Tomcat]
2022-03-25 00:24:45.997  INFO 18032 --- [restartedMain] org.apache.catalina.core.StandardEngine  : Starting Servlet engine: [Apache Tomcat/9.0.58]
2022-03-25 00:24:46.038  INFO 18032 --- [restartedMain] org.apache.jasper.servlet.TldScanner     : At least one JAR was scanned for TLDs yet contained no TLDs. Enable debug logging for this logger for a complete list of JARs that were scanned but no TLDs were found in them. Skipping unneeded JARs during scanning can improve startup time and JSP compilation time.
2022-03-25 00:24:46.038  INFO 18032 --- [restartedMain] o.a.c.c.C.[Tomcat].[localhost].[/tms]    : Initializing Spring embedded WebApplicationContext
2022-03-25 00:24:46.038  INFO 18032 --- [restartedMain] w.s.c.ServletWebServerApplicationContext : Root WebApplicationContext: initialization completed in 243 ms
2022-03-25 00:24:46.068  INFO 18032 --- [restartedMain] com.zaxxer.hikari.HikariDataSource       : HikariPool-11 - Starting...
2022-03-25 00:24:46.209  INFO 18032 --- [restartedMain] com.zaxxer.hikari.HikariDataSource       : HikariPool-11 - Start completed.
2022-03-25 00:24:46.302  INFO 18032 --- [restartedMain] j.LocalContainerEntityManagerFactoryBean : Initialized JPA EntityManagerFactory for persistence unit 'default'
2022-03-25 00:24:46.360  WARN 18032 --- [restartedMain] JpaBaseConfiguration$JpaWebConfiguration : spring.jpa.open-in-view is enabled by default. Therefore, database queries may be performed during view rendering. Explicitly configure spring.jpa.open-in-view to disable this warning
2022-03-25 00:24:46.426  INFO 18032 --- [restartedMain] o.s.s.web.DefaultSecurityFilterChain     : Will not secure any request
2022-03-25 00:24:46.504  INFO 18032 --- [restartedMain] o.s.b.d.a.OptionalLiveReloadServer       : LiveReload server is running on port 35729
2022-03-25 00:24:46.515  INFO 18032 --- [restartedMain] o.s.b.w.embedded.tomcat.TomcatWebServer  : Tomcat started on port(s): 5000 (http) with context path '/tms'
2022-03-25 00:24:46.519  INFO 18032 --- [restartedMain] c.t.TaskManagementApplication            : Started TaskManagementApplication in 0.748 seconds (JVM running for 1171.764)
2022-03-25 00:24:46.519  INFO 18032 --- [restartedMain] .ConditionEvaluationDeltaLoggingListener : Condition evaluation unchanged
2022-03-25 00:26:27.227  INFO 18032 --- [Thread-43] j.LocalContainerEntityManagerFactoryBean : Closing JPA EntityManagerFactory for persistence unit 'default'
2022-03-25 00:26:27.228  INFO 18032 --- [Thread-43] com.zaxxer.hikari.HikariDataSource       : HikariPool-11 - Shutdown initiated...
2022-03-25 00:26:27.232  INFO 18032 --- [Thread-43] com.zaxxer.hikari.HikariDataSource       : HikariPool-11 - Shutdown completed.
2022-03-25 00:26:27.303  INFO 18032 --- [restartedMain] c.t.TaskManagementApplication            : Starting TaskManagementApplication using Java 11 on SJ000134 with PID 18032 (C:\Users\ve00ym351\Documents\OJT\TaskManagement\target\classes started by VE00YM351 in C:\Users\ve00ym351\Documents\OJT\TaskManagement)
2022-03-25 00:26:27.303  INFO 18032 --- [restartedMain] c.t.TaskManagementApplication            : No active profile set, falling back to 1 default profile: "default"
2022-03-25 00:26:27.408  INFO 18032 --- [restartedMain] .s.d.r.c.RepositoryConfigurationDelegate : Bootstrapping Spring Data JPA repositories in DEFAULT mode.
2022-03-25 00:26:27.424  INFO 18032 --- [restartedMain] .s.d.r.c.RepositoryConfigurationDelegate : Finished Spring Data repository scanning in 15 ms. Found 3 JPA repository interfaces.
2022-03-25 00:26:27.450  INFO 18032 --- [restartedMain] trationDelegate$BeanPostProcessorChecker : Bean 'org.springframework.ws.config.annotation.DelegatingWsConfiguration' of type [org.springframework.ws.config.annotation.DelegatingWsConfiguration$$EnhancerBySpringCGLIB$$b6d2ace2] is not eligible for getting processed by all BeanPostProcessors (for example: not eligible for auto-proxying)
2022-03-25 00:26:27.450  INFO 18032 --- [restartedMain] .w.s.a.s.AnnotationActionEndpointMapping : Supporting [WS-Addressing August 2004, WS-Addressing 1.0]
2022-03-25 00:26:27.478  INFO 18032 --- [restartedMain] o.s.b.w.embedded.tomcat.TomcatWebServer  : Tomcat initialized with port(s): 5000 (http)
2022-03-25 00:26:27.479  INFO 18032 --- [restartedMain] o.apache.catalina.core.StandardService   : Starting service [Tomcat]
2022-03-25 00:26:27.479  INFO 18032 --- [restartedMain] org.apache.catalina.core.StandardEngine  : Starting Servlet engine: [Apache Tomcat/9.0.58]
2022-03-25 00:26:27.516  INFO 18032 --- [restartedMain] org.apache.jasper.servlet.TldScanner     : At least one JAR was scanned for TLDs yet contained no TLDs. Enable debug logging for this logger for a complete list of JARs that were scanned but no TLDs were found in them. Skipping unneeded JARs during scanning can improve startup time and JSP compilation time.
2022-03-25 00:26:27.517  INFO 18032 --- [restartedMain] o.a.c.c.C.[Tomcat].[localhost].[/tms]    : Initializing Spring embedded WebApplicationContext
2022-03-25 00:26:27.517  INFO 18032 --- [restartedMain] w.s.c.ServletWebServerApplicationContext : Root WebApplicationContext: initialization completed in 212 ms
2022-03-25 00:26:27.546  INFO 18032 --- [restartedMain] com.zaxxer.hikari.HikariDataSource       : HikariPool-12 - Starting...
2022-03-25 00:26:27.711  INFO 18032 --- [restartedMain] com.zaxxer.hikari.HikariDataSource       : HikariPool-12 - Start completed.
2022-03-25 00:26:27.810  INFO 18032 --- [restartedMain] j.LocalContainerEntityManagerFactoryBean : Initialized JPA EntityManagerFactory for persistence unit 'default'
2022-03-25 00:26:27.851  WARN 18032 --- [restartedMain] JpaBaseConfiguration$JpaWebConfiguration : spring.jpa.open-in-view is enabled by default. Therefore, database queries may be performed during view rendering. Explicitly configure spring.jpa.open-in-view to disable this warning
2022-03-25 00:26:27.903  INFO 18032 --- [restartedMain] o.s.s.web.DefaultSecurityFilterChain     : Will not secure any request
2022-03-25 00:26:27.968  INFO 18032 --- [restartedMain] o.s.b.d.a.OptionalLiveReloadServer       : LiveReload server is running on port 35729
2022-03-25 00:26:27.980  INFO 18032 --- [restartedMain] o.s.b.w.embedded.tomcat.TomcatWebServer  : Tomcat started on port(s): 5000 (http) with context path '/tms'
2022-03-25 00:26:27.984  INFO 18032 --- [restartedMain] c.t.TaskManagementApplication            : Started TaskManagementApplication in 0.706 seconds (JVM running for 1273.23)
2022-03-25 00:26:27.985  INFO 18032 --- [restartedMain] .ConditionEvaluationDeltaLoggingListener : Condition evaluation unchanged
2022-03-25 00:26:55.211  INFO 18032 --- [Thread-47] j.LocalContainerEntityManagerFactoryBean : Closing JPA EntityManagerFactory for persistence unit 'default'
2022-03-25 00:26:55.212  INFO 18032 --- [Thread-47] com.zaxxer.hikari.HikariDataSource       : HikariPool-12 - Shutdown initiated...
2022-03-25 00:26:55.216  INFO 18032 --- [Thread-47] com.zaxxer.hikari.HikariDataSource       : HikariPool-12 - Shutdown completed.
2022-03-25 00:26:55.288  INFO 18032 --- [restartedMain] c.t.TaskManagementApplication            : Starting TaskManagementApplication using Java 11 on SJ000134 with PID 18032 (C:\Users\ve00ym351\Documents\OJT\TaskManagement\target\classes started by VE00YM351 in C:\Users\ve00ym351\Documents\OJT\TaskManagement)
2022-03-25 00:26:55.288  INFO 18032 --- [restartedMain] c.t.TaskManagementApplication            : No active profile set, falling back to 1 default profile: "default"
2022-03-25 00:26:55.403  INFO 18032 --- [restartedMain] .s.d.r.c.RepositoryConfigurationDelegate : Bootstrapping Spring Data JPA repositories in DEFAULT mode.
2022-03-25 00:26:55.421  INFO 18032 --- [restartedMain] .s.d.r.c.RepositoryConfigurationDelegate : Finished Spring Data repository scanning in 18 ms. Found 3 JPA repository interfaces.
2022-03-25 00:26:55.478  INFO 18032 --- [restartedMain] trationDelegate$BeanPostProcessorChecker : Bean 'org.springframework.ws.config.annotation.DelegatingWsConfiguration' of type [org.springframework.ws.config.annotation.DelegatingWsConfiguration$$EnhancerBySpringCGLIB$$b6d2ace2] is not eligible for getting processed by all BeanPostProcessors (for example: not eligible for auto-proxying)
2022-03-25 00:26:55.479  INFO 18032 --- [restartedMain] .w.s.a.s.AnnotationActionEndpointMapping : Supporting [WS-Addressing August 2004, WS-Addressing 1.0]
2022-03-25 00:26:55.529  INFO 18032 --- [restartedMain] o.s.b.w.embedded.tomcat.TomcatWebServer  : Tomcat initialized with port(s): 5000 (http)
2022-03-25 00:26:55.530  INFO 18032 --- [restartedMain] o.apache.catalina.core.StandardService   : Starting service [Tomcat]
2022-03-25 00:26:55.530  INFO 18032 --- [restartedMain] org.apache.catalina.core.StandardEngine  : Starting Servlet engine: [Apache Tomcat/9.0.58]
2022-03-25 00:26:55.625  INFO 18032 --- [restartedMain] org.apache.jasper.servlet.TldScanner     : At least one JAR was scanned for TLDs yet contained no TLDs. Enable debug logging for this logger for a complete list of JARs that were scanned but no TLDs were found in them. Skipping unneeded JARs during scanning can improve startup time and JSP compilation time.
2022-03-25 00:26:55.626  INFO 18032 --- [restartedMain] o.a.c.c.C.[Tomcat].[localhost].[/tms]    : Initializing Spring embedded WebApplicationContext
2022-03-25 00:26:55.626  INFO 18032 --- [restartedMain] w.s.c.ServletWebServerApplicationContext : Root WebApplicationContext: initialization completed in 336 ms
2022-03-25 00:26:55.674  INFO 18032 --- [restartedMain] com.zaxxer.hikari.HikariDataSource       : HikariPool-13 - Starting...
2022-03-25 00:26:55.845  INFO 18032 --- [restartedMain] com.zaxxer.hikari.HikariDataSource       : HikariPool-13 - Start completed.
2022-03-25 00:26:55.983  INFO 18032 --- [restartedMain] j.LocalContainerEntityManagerFactoryBean : Initialized JPA EntityManagerFactory for persistence unit 'default'
2022-03-25 00:26:56.047  WARN 18032 --- [restartedMain] JpaBaseConfiguration$JpaWebConfiguration : spring.jpa.open-in-view is enabled by default. Therefore, database queries may be performed during view rendering. Explicitly configure spring.jpa.open-in-view to disable this warning
2022-03-25 00:26:56.110  INFO 18032 --- [restartedMain] o.s.s.web.DefaultSecurityFilterChain     : Will not secure any request
2022-03-25 00:26:56.185  INFO 18032 --- [restartedMain] o.s.b.d.a.OptionalLiveReloadServer       : LiveReload server is running on port 35729
2022-03-25 00:26:56.200  INFO 18032 --- [restartedMain] o.s.b.w.embedded.tomcat.TomcatWebServer  : Tomcat started on port(s): 5000 (http) with context path '/tms'
2022-03-25 00:26:56.202  INFO 18032 --- [restartedMain] c.t.TaskManagementApplication            : Started TaskManagementApplication in 0.937 seconds (JVM running for 1301.448)
2022-03-25 00:26:56.204  INFO 18032 --- [restartedMain] .ConditionEvaluationDeltaLoggingListener : Condition evaluation unchanged
2022-03-25 00:29:24.840  INFO 18032 --- [Thread-51] j.LocalContainerEntityManagerFactoryBean : Closing JPA EntityManagerFactory for persistence unit 'default'
2022-03-25 00:29:24.841  INFO 18032 --- [Thread-51] com.zaxxer.hikari.HikariDataSource       : HikariPool-13 - Shutdown initiated...
2022-03-25 00:29:24.847  INFO 18032 --- [Thread-51] com.zaxxer.hikari.HikariDataSource       : HikariPool-13 - Shutdown completed.
2022-03-25 00:29:24.924  INFO 18032 --- [restartedMain] c.t.TaskManagementApplication            : Starting TaskManagementApplication using Java 11 on SJ000134 with PID 18032 (C:\Users\ve00ym351\Documents\OJT\TaskManagement\target\classes started by VE00YM351 in C:\Users\ve00ym351\Documents\OJT\TaskManagement)
2022-03-25 00:29:24.924  INFO 18032 --- [restartedMain] c.t.TaskManagementApplication            : No active profile set, falling back to 1 default profile: "default"
2022-03-25 00:29:25.038  INFO 18032 --- [restartedMain] .s.d.r.c.RepositoryConfigurationDelegate : Bootstrapping Spring Data JPA repositories in DEFAULT mode.
2022-03-25 00:29:25.051  INFO 18032 --- [restartedMain] .s.d.r.c.RepositoryConfigurationDelegate : Finished Spring Data repository scanning in 12 ms. Found 3 JPA repository interfaces.
2022-03-25 00:29:25.078  INFO 18032 --- [restartedMain] trationDelegate$BeanPostProcessorChecker : Bean 'org.springframework.ws.config.annotation.DelegatingWsConfiguration' of type [org.springframework.ws.config.annotation.DelegatingWsConfiguration$$EnhancerBySpringCGLIB$$b6d2ace2] is not eligible for getting processed by all BeanPostProcessors (for example: not eligible for auto-proxying)
2022-03-25 00:29:25.079  INFO 18032 --- [restartedMain] .w.s.a.s.AnnotationActionEndpointMapping : Supporting [WS-Addressing August 2004, WS-Addressing 1.0]
2022-03-25 00:29:25.106  INFO 18032 --- [restartedMain] o.s.b.w.embedded.tomcat.TomcatWebServer  : Tomcat initialized with port(s): 5000 (http)
2022-03-25 00:29:25.106  INFO 18032 --- [restartedMain] o.apache.catalina.core.StandardService   : Starting service [Tomcat]
2022-03-25 00:29:25.106  INFO 18032 --- [restartedMain] org.apache.catalina.core.StandardEngine  : Starting Servlet engine: [Apache Tomcat/9.0.58]
2022-03-25 00:29:25.153  INFO 18032 --- [restartedMain] org.apache.jasper.servlet.TldScanner     : At least one JAR was scanned for TLDs yet contained no TLDs. Enable debug logging for this logger for a complete list of JARs that were scanned but no TLDs were found in them. Skipping unneeded JARs during scanning can improve startup time and JSP compilation time.
2022-03-25 00:29:25.154  INFO 18032 --- [restartedMain] o.a.c.c.C.[Tomcat].[localhost].[/tms]    : Initializing Spring embedded WebApplicationContext
2022-03-25 00:29:25.154  INFO 18032 --- [restartedMain] w.s.c.ServletWebServerApplicationContext : Root WebApplicationContext: initialization completed in 229 ms
2022-03-25 00:29:25.186  INFO 18032 --- [restartedMain] com.zaxxer.hikari.HikariDataSource       : HikariPool-14 - Starting...
2022-03-25 00:29:25.310  INFO 18032 --- [restartedMain] com.zaxxer.hikari.HikariDataSource       : HikariPool-14 - Start completed.
2022-03-25 00:29:25.399  INFO 18032 --- [restartedMain] j.LocalContainerEntityManagerFactoryBean : Initialized JPA EntityManagerFactory for persistence unit 'default'
2022-03-25 00:29:25.440  WARN 18032 --- [restartedMain] JpaBaseConfiguration$JpaWebConfiguration : spring.jpa.open-in-view is enabled by default. Therefore, database queries may be performed during view rendering. Explicitly configure spring.jpa.open-in-view to disable this warning
2022-03-25 00:29:25.504  INFO 18032 --- [restartedMain] o.s.s.web.DefaultSecurityFilterChain     : Will not secure any request
2022-03-25 00:29:25.566  INFO 18032 --- [restartedMain] o.s.b.d.a.OptionalLiveReloadServer       : LiveReload server is running on port 35729
2022-03-25 00:29:25.580  INFO 18032 --- [restartedMain] o.s.b.w.embedded.tomcat.TomcatWebServer  : Tomcat started on port(s): 5000 (http) with context path '/tms'
2022-03-25 00:29:25.583  INFO 18032 --- [restartedMain] c.t.TaskManagementApplication            : Started TaskManagementApplication in 0.686 seconds (JVM running for 1450.831)
2022-03-25 00:29:25.585  INFO 18032 --- [restartedMain] .ConditionEvaluationDeltaLoggingListener : Condition evaluation unchanged
2022-03-25 00:29:33.394  INFO 18032 --- [Thread-55] j.LocalContainerEntityManagerFactoryBean : Closing JPA EntityManagerFactory for persistence unit 'default'
2022-03-25 00:29:33.395  INFO 18032 --- [Thread-55] com.zaxxer.hikari.HikariDataSource       : HikariPool-14 - Shutdown initiated...
2022-03-25 00:29:33.399  INFO 18032 --- [Thread-55] com.zaxxer.hikari.HikariDataSource       : HikariPool-14 - Shutdown completed.
2022-03-25 00:29:33.471  INFO 18032 --- [restartedMain] c.t.TaskManagementApplication            : Starting TaskManagementApplication using Java 11 on SJ000134 with PID 18032 (C:\Users\ve00ym351\Documents\OJT\TaskManagement\target\classes started by VE00YM351 in C:\Users\ve00ym351\Documents\OJT\TaskManagement)
2022-03-25 00:29:33.472  INFO 18032 --- [restartedMain] c.t.TaskManagementApplication            : No active profile set, falling back to 1 default profile: "default"
2022-03-25 00:29:33.589  INFO 18032 --- [restartedMain] .s.d.r.c.RepositoryConfigurationDelegate : Bootstrapping Spring Data JPA repositories in DEFAULT mode.
2022-03-25 00:29:33.604  INFO 18032 --- [restartedMain] .s.d.r.c.RepositoryConfigurationDelegate : Finished Spring Data repository scanning in 15 ms. Found 3 JPA repository interfaces.
2022-03-25 00:29:33.634  INFO 18032 --- [restartedMain] trationDelegate$BeanPostProcessorChecker : Bean 'org.springframework.ws.config.annotation.DelegatingWsConfiguration' of type [org.springframework.ws.config.annotation.DelegatingWsConfiguration$$EnhancerBySpringCGLIB$$b6d2ace2] is not eligible for getting processed by all BeanPostProcessors (for example: not eligible for auto-proxying)
2022-03-25 00:29:33.635  INFO 18032 --- [restartedMain] .w.s.a.s.AnnotationActionEndpointMapping : Supporting [WS-Addressing August 2004, WS-Addressing 1.0]
2022-03-25 00:29:33.665  INFO 18032 --- [restartedMain] o.s.b.w.embedded.tomcat.TomcatWebServer  : Tomcat initialized with port(s): 5000 (http)
2022-03-25 00:29:33.666  INFO 18032 --- [restartedMain] o.apache.catalina.core.StandardService   : Starting service [Tomcat]
2022-03-25 00:29:33.666  INFO 18032 --- [restartedMain] org.apache.catalina.core.StandardEngine  : Starting Servlet engine: [Apache Tomcat/9.0.58]
2022-03-25 00:29:33.716  INFO 18032 --- [restartedMain] org.apache.jasper.servlet.TldScanner     : At least one JAR was scanned for TLDs yet contained no TLDs. Enable debug logging for this logger for a complete list of JARs that were scanned but no TLDs were found in them. Skipping unneeded JARs during scanning can improve startup time and JSP compilation time.
2022-03-25 00:29:33.717  INFO 18032 --- [restartedMain] o.a.c.c.C.[Tomcat].[localhost].[/tms]    : Initializing Spring embedded WebApplicationContext
2022-03-25 00:29:33.717  INFO 18032 --- [restartedMain] w.s.c.ServletWebServerApplicationContext : Root WebApplicationContext: initialization completed in 244 ms
2022-03-25 00:29:33.755  INFO 18032 --- [restartedMain] com.zaxxer.hikari.HikariDataSource       : HikariPool-15 - Starting...
2022-03-25 00:29:33.952  INFO 18032 --- [restartedMain] com.zaxxer.hikari.HikariDataSource       : HikariPool-15 - Start completed.
2022-03-25 00:29:34.082  INFO 18032 --- [restartedMain] j.LocalContainerEntityManagerFactoryBean : Initialized JPA EntityManagerFactory for persistence unit 'default'
2022-03-25 00:29:34.147  WARN 18032 --- [restartedMain] JpaBaseConfiguration$JpaWebConfiguration : spring.jpa.open-in-view is enabled by default. Therefore, database queries may be performed during view rendering. Explicitly configure spring.jpa.open-in-view to disable this warning
2022-03-25 00:29:34.211  INFO 18032 --- [restartedMain] o.s.s.web.DefaultSecurityFilterChain     : Will not secure any request
2022-03-25 00:29:34.283  INFO 18032 --- [restartedMain] o.s.b.d.a.OptionalLiveReloadServer       : LiveReload server is running on port 35729
2022-03-25 00:29:34.296  INFO 18032 --- [restartedMain] o.s.b.w.embedded.tomcat.TomcatWebServer  : Tomcat started on port(s): 5000 (http) with context path '/tms'
2022-03-25 00:29:34.300  INFO 18032 --- [restartedMain] c.t.TaskManagementApplication            : Started TaskManagementApplication in 0.851 seconds (JVM running for 1459.548)
2022-03-25 00:29:34.301  INFO 18032 --- [restartedMain] .ConditionEvaluationDeltaLoggingListener : Condition evaluation unchanged
2022-03-25 00:30:34.021  INFO 18032 --- [Thread-59] j.LocalContainerEntityManagerFactoryBean : Closing JPA EntityManagerFactory for persistence unit 'default'
2022-03-25 00:30:34.022  INFO 18032 --- [Thread-59] com.zaxxer.hikari.HikariDataSource       : HikariPool-15 - Shutdown initiated...
2022-03-25 00:30:34.026  INFO 18032 --- [Thread-59] com.zaxxer.hikari.HikariDataSource       : HikariPool-15 - Shutdown completed.
